<?xml version="1.0" encoding="UTF-8"?>
<!-- Generated by org.testng.reporters.JUnitReportReporter -->
<testsuite hostname="DESKTOP-8TC52E9" failures="0" tests="2" name="jenkins1.verizon_jenkins.MobileTest" time="0.002" errors="0" timestamp="2023-07-26T12:38:03 IST" skipped="0">
  <testcase classname="jenkins1.verizon_jenkins.MobileTest" name="logout" time="0.000"/>
  <testcase classname="jenkins1.verizon_jenkins.MobileTest" name="login" time="0.002"/>
</testsuite> <!-- jenkins1.verizon_jenkins.MobileTest -->
